# JRE version: OpenJDK Runtime Environment (8.0_152-b01) (build 1.8.0_152-release-915-b01)
# Java VM: OpenJDK 64-Bit Server VM (25.152-b01 mixed mode windows-amd64 compressed oops)
Heap:
 PSYoungGen      total 115712K, used 91643K [0x00000000e0000000, 0x00000000e9d80000, 0x0000000100000000)
  eden space 103424K, 88% used [0x00000000e0000000,0x00000000e597edd8,0x00000000e6500000)
  from space 12288K, 0% used [0x00000000e6500000,0x00000000e6500000,0x00000000e7100000)
  to   space 12800K, 0% used [0x00000000e9100000,0x00000000e9100000,0x00000000e9d80000)
 ParOldGen       total 58368K, used 44159K [0x00000000a0000000, 0x00000000a3900000, 0x00000000e0000000)
  object space 58368K, 75% used [0x00000000a0000000,0x00000000a2b1ffb0,0x00000000a3900000)
 Metaspace       used 62151K, capacity 64906K, committed 64984K, reserved 1105920K
  class space    used 8261K, capacity 8941K, committed 8960K, reserved 1048576K
GC Heap History (10 events):
Event: 31.030 GC heap before
{Heap before GC invocations=18 (full 2):
 PSYoungGen      total 74752K, used 74732K [0x00000000e0000000, 0x00000000e6a00000, 0x0000000100000000)
  eden space 66560K, 100% used [0x00000000e0000000,0x00000000e4100000,0x00000000e4100000)
  from space 8192K, 99% used [0x00000000e4100000,0x00000000e48fb2f0,0x00000000e4900000)
  to   space 10240K, 0% used [0x00000000e6000000,0x00000000e6000000,0x00000000e6a00000)
 ParOldGen       total 58368K, used 18700K [0x00000000a0000000, 0x00000000a3900000, 0x00000000e0000000)
  object space 58368K, 32% used [0x00000000a0000000,0x00000000a12431d0,0x00000000a3900000)
 Metaspace       used 49332K, capacity 50524K, committed 50776K, reserved 1093632K
  class space    used 6564K, capacity 6964K, committed 7040K, reserved 1048576K
Event: 31.056 GC heap after
Heap after GC invocations=18 (full 2):
 PSYoungGen      total 97280K, used 9189K [0x00000000e0000000, 0x00000000e6c00000, 0x0000000100000000)
  eden space 87040K, 0% used [0x00000000e0000000,0x00000000e0000000,0x00000000e5500000)
  from space 10240K, 89% used [0x00000000e6000000,0x00000000e68f97c8,0x00000000e6a00000)
  to   space 11264K, 0% used [0x00000000e5500000,0x00000000e5500000,0x00000000e6000000)
 ParOldGen       total 58368K, used 20804K [0x00000000a0000000, 0x00000000a3900000, 0x00000000e0000000)
  object space 58368K, 35% used [0x00000000a0000000,0x00000000a14511e0,0x00000000a3900000)
 Metaspace       used 49332K, capacity 50524K, committed 50776K, reserved 1093632K
  class space    used 6564K, capacity 6964K, committed 7040K, reserved 1048576K
}
Event: 34.990 GC heap before
{Heap before GC invocations=19 (full 2):
 PSYoungGen      total 97280K, used 96229K [0x00000000e0000000, 0x00000000e6c00000, 0x0000000100000000)
  eden space 87040K, 100% used [0x00000000e0000000,0x00000000e5500000,0x00000000e5500000)
  from space 10240K, 89% used [0x00000000e6000000,0x00000000e68f97c8,0x00000000e6a00000)
  to   space 11264K, 0% used [0x00000000e5500000,0x00000000e5500000,0x00000000e6000000)
 ParOldGen       total 58368K, used 20804K [0x00000000a0000000, 0x00000000a3900000, 0x00000000e0000000)
  object space 58368K, 35% used [0x00000000a0000000,0x00000000a14511e0,0x00000000a3900000)
 Metaspace       used 52866K, capacity 54450K, committed 54616K, reserved 1095680K
  class space    used 7079K, capacity 7551K, committed 7552K, reserved 1048576K
Event: 35.012 GC heap after
Heap after GC invocations=19 (full 2):
 PSYoungGen      total 98304K, used 5227K [0x00000000e0000000, 0x00000000e7b80000, 0x0000000100000000)
  eden space 87040K, 0% used [0x00000000e0000000,0x00000000e0000000,0x00000000e5500000)
  from space 11264K, 46% used [0x00000000e5500000,0x00000000e5a1ad60,0x00000000e6000000)
  to   space 10752K, 0% used [0x00000000e7100000,0x00000000e7100000,0x00000000e7b80000)
 ParOldGen       total 58368K, used 28274K [0x00000000a0000000, 0x00000000a3900000, 0x00000000e0000000)
  object space 58368K, 48% used [0x00000000a0000000,0x00000000a1b9cac8,0x00000000a3900000)
 Metaspace       used 52866K, capacity 54450K, committed 54616K, reserved 1095680K
  class space    used 7079K, capacity 7551K, committed 7552K, reserved 1048576K
}
Event: 37.077 GC heap before
{Heap before GC invocations=20 (full 2):
 PSYoungGen      total 98304K, used 92267K [0x00000000e0000000, 0x00000000e7b80000, 0x0000000100000000)
  eden space 87040K, 100% used [0x00000000e0000000,0x00000000e5500000,0x00000000e5500000)
  from space 11264K, 46% used [0x00000000e5500000,0x00000000e5a1ad60,0x00000000e6000000)
  to   space 10752K, 0% used [0x00000000e7100000,0x00000000e7100000,0x00000000e7b80000)
 ParOldGen       total 58368K, used 28274K [0x00000000a0000000, 0x00000000a3900000, 0x00000000e0000000)
  object space 58368K, 48% used [0x00000000a0000000,0x00000000a1b9cac8,0x00000000a3900000)
 Metaspace       used 56447K, capacity 58380K, committed 58584K, reserved 1099776K
  class space    used 7685K, capacity 8170K, committed 8192K, reserved 1048576K
Event: 37.104 GC heap after
Heap after GC invocations=20 (full 2):
 PSYoungGen      total 114176K, used 10706K [0x00000000e0000000, 0x00000000e8000000, 0x0000000100000000)
  eden space 103424K, 0% used [0x00000000e0000000,0x00000000e0000000,0x00000000e6500000)
  from space 10752K, 99% used [0x00000000e7100000,0x00000000e7b74898,0x00000000e7b80000)
  to   space 12288K, 0% used [0x00000000e6500000,0x00000000e6500000,0x00000000e7100000)
 ParOldGen       total 58368K, used 30189K [0x00000000a0000000, 0x00000000a3900000, 0x00000000e0000000)
  object space 58368K, 51% used [0x00000000a0000000,0x00000000a1d7b5a0,0x00000000a3900000)
 Metaspace       used 56447K, capacity 58380K, committed 58584K, reserved 1099776K
  class space    used 7685K, capacity 8170K, committed 8192K, reserved 1048576K
}
Event: 37.649 GC heap before
{Heap before GC invocations=21 (full 2):
 PSYoungGen      total 114176K, used 87873K [0x00000000e0000000, 0x00000000e8000000, 0x0000000100000000)
  eden space 103424K, 74% used [0x00000000e0000000,0x00000000e4b5bd40,0x00000000e6500000)
  from space 10752K, 99% used [0x00000000e7100000,0x00000000e7b74898,0x00000000e7b80000)
  to   space 12288K, 0% used [0x00000000e6500000,0x00000000e6500000,0x00000000e7100000)
 ParOldGen       total 58368K, used 30189K [0x00000000a0000000, 0x00000000a3900000, 0x00000000e0000000)
  object space 58368K, 51% used [0x00000000a0000000,0x00000000a1d7b5a0,0x00000000a3900000)
 Metaspace       used 56864K, capacity 58910K, committed 58968K, reserved 1099776K
  class space    used 7733K, capacity 8311K, committed 8320K, reserved 1048576K
Event: 37.690 GC heap after
Heap after GC invocations=21 (full 2):
 PSYoungGen      total 115712K, used 9756K [0x00000000e0000000, 0x00000000e9d80000, 0x0000000100000000)
  eden space 103424K, 0% used [0x00000000e0000000,0x00000000e0000000,0x00000000e6500000)
  from space 12288K, 79% used [0x00000000e6500000,0x00000000e6e871d0,0x00000000e7100000)
  to   space 12800K, 0% used [0x00000000e9100000,0x00000000e9100000,0x00000000e9d80000)
 ParOldGen       total 58368K, used 39000K [0x00000000a0000000, 0x00000000a3900000, 0x00000000e0000000)
  object space 58368K, 66% used [0x00000000a0000000,0x00000000a2616118,0x00000000a3900000)
 Metaspace       used 56864K, capacity 58910K, committed 58968K, reserved 1099776K
  class space    used 7733K, capacity 8311K, committed 8320K, reserved 1048576K
}
Event: 37.690 GC heap before
{Heap before GC invocations=22 (full 3):
 PSYoungGen      total 115712K, used 9756K [0x00000000e0000000, 0x00000000e9d80000, 0x0000000100000000)
  eden space 103424K, 0% used [0x00000000e0000000,0x00000000e0000000,0x00000000e6500000)
  from space 12288K, 79% used [0x00000000e6500000,0x00000000e6e871d0,0x00000000e7100000)
  to   space 12800K, 0% used [0x00000000e9100000,0x00000000e9100000,0x00000000e9d80000)
 ParOldGen       total 58368K, used 39000K [0x00000000a0000000, 0x00000000a3900000, 0x00000000e0000000)
  object space 58368K, 66% used [0x00000000a0000000,0x00000000a2616118,0x00000000a3900000)
 Metaspace       used 56864K, capacity 58910K, committed 58968K, reserved 1099776K
  class space    used 7733K, capacity 8311K, committed 8320K, reserved 1048576K
Event: 38.303 GC heap after
Heap after GC invocations=22 (full 3):
 PSYoungGen      total 115712K, used 0K [0x00000000e0000000, 0x00000000e9d80000, 0x0000000100000000)
  eden space 103424K, 0% used [0x00000000e0000000,0x00000000e0000000,0x00000000e6500000)
  from space 12288K, 0% used [0x00000000e6500000,0x00000000e6500000,0x00000000e7100000)
  to   space 12800K, 0% used [0x00000000e9100000,0x00000000e9100000,0x00000000e9d80000)
 ParOldGen       total 58368K, used 44159K [0x00000000a0000000, 0x00000000a3900000, 0x00000000e0000000)
  object space 58368K, 75% used [0x00000000a0000000,0x00000000a2b1ffb0,0x00000000a3900000)
 Metaspace       used 56841K, capacity 58822K, committed 58968K, reserved 1099776K
  class space    used 7726K, capacity 8303K, committed 8320K, reserved 1048576K
}

