# JRE version: OpenJDK Runtime Environment (8.0_152-b01) (build 1.8.0_152-release-915-b01)
# Java VM: OpenJDK 64-Bit Server VM (25.152-b01 mixed mode windows-amd64 compressed oops)
Heap:
 PSYoungGen      total 372736K, used 175606K [0x00000000e0000000, 0x00000000f9480000, 0x0000000100000000)
  eden space 331264K, 43% used [0x00000000e0000000,0x00000000e8c26040,0x00000000f4380000)
  from space 41472K, 77% used [0x00000000f4380000,0x00000000f62d79c0,0x00000000f6c00000)
  to   space 40960K, 0% used [0x00000000f6c80000,0x00000000f6c80000,0x00000000f9480000)
 ParOldGen       total 141312K, used 103339K [0x00000000a0000000, 0x00000000a8a00000, 0x00000000e0000000)
  object space 141312K, 73% used [0x00000000a0000000,0x00000000a64eae58,0x00000000a8a00000)
 Metaspace       used 95039K, capacity 103688K, committed 103936K, reserved 1138688K
  class space    used 12118K, capacity 13995K, committed 14080K, reserved 1048576K
GC Heap History (10 events):
Event: 13949.814 GC heap before
{Heap before GC invocations=45 (full 4):
 PSYoungGen      total 351232K, used 351225K [0x00000000e0000000, 0x00000000f7d00000, 0x0000000100000000)
  eden space 324096K, 100% used [0x00000000e0000000,0x00000000f3c80000,0x00000000f3c80000)
  from space 27136K, 99% used [0x00000000f5b00000,0x00000000f757e4e8,0x00000000f7580000)
  to   space 31232K, 0% used [0x00000000f3c80000,0x00000000f3c80000,0x00000000f5b00000)
 ParOldGen       total 141312K, used 95567K [0x00000000a0000000, 0x00000000a8a00000, 0x00000000e0000000)
  object space 141312K, 67% used [0x00000000a0000000,0x00000000a5d53c20,0x00000000a8a00000)
 Metaspace       used 94560K, capacity 102926K, committed 103040K, reserved 1138688K
  class space    used 12065K, capacity 13844K, committed 13952K, reserved 1048576K
Event: 13949.919 GC heap after
Heap after GC invocations=45 (full 4):
 PSYoungGen      total 355328K, used 21148K [0x00000000e0000000, 0x00000000f8180000, 0x0000000100000000)
  eden space 324096K, 0% used [0x00000000e0000000,0x00000000e0000000,0x00000000f3c80000)
  from space 31232K, 67% used [0x00000000f3c80000,0x00000000f51270e0,0x00000000f5b00000)
  to   space 31232K, 0% used [0x00000000f6300000,0x00000000f6300000,0x00000000f8180000)
 ParOldGen       total 141312K, used 95647K [0x00000000a0000000, 0x00000000a8a00000, 0x00000000e0000000)
  object space 141312K, 67% used [0x00000000a0000000,0x00000000a5d67c20,0x00000000a8a00000)
 Metaspace       used 94560K, capacity 102926K, committed 103040K, reserved 1138688K
  class space    used 12065K, capacity 13844K, committed 13952K, reserved 1048576K
}
Event: 14049.636 GC heap before
{Heap before GC invocations=46 (full 4):
 PSYoungGen      total 355328K, used 345244K [0x00000000e0000000, 0x00000000f8180000, 0x0000000100000000)
  eden space 324096K, 100% used [0x00000000e0000000,0x00000000f3c80000,0x00000000f3c80000)
  from space 31232K, 67% used [0x00000000f3c80000,0x00000000f51270e0,0x00000000f5b00000)
  to   space 31232K, 0% used [0x00000000f6300000,0x00000000f6300000,0x00000000f8180000)
 ParOldGen       total 141312K, used 95647K [0x00000000a0000000, 0x00000000a8a00000, 0x00000000e0000000)
  object space 141312K, 67% used [0x00000000a0000000,0x00000000a5d67c20,0x00000000a8a00000)
 Metaspace       used 94632K, capacity 103128K, committed 103296K, reserved 1138688K
  class space    used 12078K, capacity 13887K, committed 13952K, reserved 1048576K
Event: 14049.722 GC heap after
Heap after GC invocations=46 (full 4):
 PSYoungGen      total 356864K, used 31205K [0x00000000e0000000, 0x00000000f8d80000, 0x0000000100000000)
  eden space 325632K, 0% used [0x00000000e0000000,0x00000000e0000000,0x00000000f3e00000)
  from space 31232K, 99% used [0x00000000f6300000,0x00000000f8179648,0x00000000f8180000)
  to   space 37888K, 0% used [0x00000000f3e00000,0x00000000f3e00000,0x00000000f6300000)
 ParOldGen       total 141312K, used 102691K [0x00000000a0000000, 0x00000000a8a00000, 0x00000000e0000000)
  object space 141312K, 72% used [0x00000000a0000000,0x00000000a6448e28,0x00000000a8a00000)
 Metaspace       used 94632K, capacity 103128K, committed 103296K, reserved 1138688K
  class space    used 12078K, capacity 13887K, committed 13952K, reserved 1048576K
}
Event: 14115.646 GC heap before
{Heap before GC invocations=47 (full 4):
 PSYoungGen      total 356864K, used 356778K [0x00000000e0000000, 0x00000000f8d80000, 0x0000000100000000)
  eden space 325632K, 99% used [0x00000000e0000000,0x00000000f3df13c8,0x00000000f3e00000)
  from space 31232K, 99% used [0x00000000f6300000,0x00000000f8179648,0x00000000f8180000)
  to   space 37888K, 0% used [0x00000000f3e00000,0x00000000f3e00000,0x00000000f6300000)
 ParOldGen       total 141312K, used 102691K [0x00000000a0000000, 0x00000000a8a00000, 0x00000000e0000000)
  object space 141312K, 72% used [0x00000000a0000000,0x00000000a6448e28,0x00000000a8a00000)
 Metaspace       used 94746K, capacity 103282K, committed 103552K, reserved 1138688K
  class space    used 12093K, capacity 13912K, committed 13952K, reserved 1048576K
Event: 14115.703 GC heap after
Heap after GC invocations=47 (full 4):
 PSYoungGen      total 363520K, used 31905K [0x00000000e0000000, 0x00000000f9480000, 0x0000000100000000)
  eden space 325632K, 0% used [0x00000000e0000000,0x00000000e0000000,0x00000000f3e00000)
  from space 37888K, 84% used [0x00000000f3e00000,0x00000000f5d28610,0x00000000f6300000)
  to   space 40960K, 0% used [0x00000000f6c80000,0x00000000f6c80000,0x00000000f9480000)
 ParOldGen       total 141312K, used 103051K [0x00000000a0000000, 0x00000000a8a00000, 0x00000000e0000000)
  object space 141312K, 72% used [0x00000000a0000000,0x00000000a64a2e58,0x00000000a8a00000)
 Metaspace       used 94746K, capacity 103282K, committed 103552K, reserved 1138688K
  class space    used 12093K, capacity 13912K, committed 13952K, reserved 1048576K
}
Event: 14803.248 GC heap before
{Heap before GC invocations=48 (full 4):
 PSYoungGen      total 363520K, used 357537K [0x00000000e0000000, 0x00000000f9480000, 0x0000000100000000)
  eden space 325632K, 100% used [0x00000000e0000000,0x00000000f3e00000,0x00000000f3e00000)
  from space 37888K, 84% used [0x00000000f3e00000,0x00000000f5d28610,0x00000000f6300000)
  to   space 40960K, 0% used [0x00000000f6c80000,0x00000000f6c80000,0x00000000f9480000)
 ParOldGen       total 141312K, used 103051K [0x00000000a0000000, 0x00000000a8a00000, 0x00000000e0000000)
  object space 141312K, 72% used [0x00000000a0000000,0x00000000a64a2e58,0x00000000a8a00000)
 Metaspace       used 94912K, capacity 103572K, committed 103936K, reserved 1138688K
  class space    used 12108K, capacity 13959K, committed 14080K, reserved 1048576K
Event: 14803.393 GC heap after
Heap after GC invocations=48 (full 4):
 PSYoungGen      total 372224K, used 27804K [0x00000000e0000000, 0x00000000f9480000, 0x0000000100000000)
  eden space 331264K, 0% used [0x00000000e0000000,0x00000000e0000000,0x00000000f4380000)
  from space 40960K, 67% used [0x00000000f6c80000,0x00000000f87a73e8,0x00000000f9480000)
  to   space 41472K, 0% used [0x00000000f4380000,0x00000000f4380000,0x00000000f6c00000)
 ParOldGen       total 141312K, used 103059K [0x00000000a0000000, 0x00000000a8a00000, 0x00000000e0000000)
  object space 141312K, 72% used [0x00000000a0000000,0x00000000a64a4e58,0x00000000a8a00000)
 Metaspace       used 94912K, capacity 103572K, committed 103936K, reserved 1138688K
  class space    used 12108K, capacity 13959K, committed 14080K, reserved 1048576K
}
Event: 14869.206 GC heap before
{Heap before GC invocations=49 (full 4):
 PSYoungGen      total 372224K, used 358257K [0x00000000e0000000, 0x00000000f9480000, 0x0000000100000000)
  eden space 331264K, 99% used [0x00000000e0000000,0x00000000f42b5410,0x00000000f4380000)
  from space 40960K, 67% used [0x00000000f6c80000,0x00000000f87a73e8,0x00000000f9480000)
  to   space 41472K, 0% used [0x00000000f4380000,0x00000000f4380000,0x00000000f6c00000)
 ParOldGen       total 141312K, used 103059K [0x00000000a0000000, 0x00000000a8a00000, 0x00000000e0000000)
  object space 141312K, 72% used [0x00000000a0000000,0x00000000a64a4e58,0x00000000a8a00000)
 Metaspace       used 94954K, capacity 103572K, committed 103936K, reserved 1138688K
  class space    used 12108K, capacity 13959K, committed 14080K, reserved 1048576K
Event: 14869.254 GC heap after
Heap after GC invocations=49 (full 4):
 PSYoungGen      total 372736K, used 32094K [0x00000000e0000000, 0x00000000f9480000, 0x0000000100000000)
  eden space 331264K, 0% used [0x00000000e0000000,0x00000000e0000000,0x00000000f4380000)
  from space 41472K, 77% used [0x00000000f4380000,0x00000000f62d79c0,0x00000000f6c00000)
  to   space 40960K, 0% used [0x00000000f6c80000,0x00000000f6c80000,0x00000000f9480000)
 ParOldGen       total 141312K, used 103339K [0x00000000a0000000, 0x00000000a8a00000, 0x00000000e0000000)
  object space 141312K, 73% used [0x00000000a0000000,0x00000000a64eae58,0x00000000a8a00000)
 Metaspace       used 94954K, capacity 103572K, committed 103936K, reserved 1138688K
  class space    used 12108K, capacity 13959K, committed 14080K, reserved 1048576K
}

