# JRE version: OpenJDK Runtime Environment (8.0_152-b01) (build 1.8.0_152-release-915-b01)
# Java VM: OpenJDK 64-Bit Server VM (25.152-b01 mixed mode windows-amd64 compressed oops)
Heap:
 PSYoungGen      total 90624K, used 71489K [0x00000000e0000000, 0x00000000e6580000, 0x0000000100000000)
  eden space 80384K, 88% used [0x00000000e0000000,0x00000000e45d0788,0x00000000e4e80000)
  from space 10240K, 0% used [0x00000000e5a00000,0x00000000e5a00000,0x00000000e6400000)
  to   space 11776K, 0% used [0x00000000e4e80000,0x00000000e4e80000,0x00000000e5a00000)
 ParOldGen       total 58368K, used 17117K [0x00000000a0000000, 0x00000000a3900000, 0x00000000e0000000)
  object space 58368K, 29% used [0x00000000a0000000,0x00000000a10b7638,0x00000000a3900000)
 Metaspace       used 40726K, capacity 41740K, committed 42112K, reserved 1085440K
  class space    used 5519K, capacity 5891K, committed 6016K, reserved 1048576K
GC Heap History (10 events):
Event: 3.313 GC heap before
{Heap before GC invocations=8 (full 1):
 PSYoungGen      total 72192K, used 6053K [0x00000000e0000000, 0x00000000e4f00000, 0x0000000100000000)
  eden space 64512K, 0% used [0x00000000e0000000,0x00000000e0000000,0x00000000e3f00000)
  from space 7680K, 78% used [0x00000000e3f00000,0x00000000e44e97b0,0x00000000e4680000)
  to   space 6656K, 0% used [0x00000000e4680000,0x00000000e4680000,0x00000000e4d00000)
 ParOldGen       total 44032K, used 7118K [0x00000000a0000000, 0x00000000a2b00000, 0x00000000e0000000)
  object space 44032K, 16% used [0x00000000a0000000,0x00000000a06f3a70,0x00000000a2b00000)
 Metaspace       used 20813K, capacity 21188K, committed 21248K, reserved 1067008K
  class space    used 2909K, capacity 3037K, committed 3072K, reserved 1048576K
Event: 3.364 GC heap after
Heap after GC invocations=8 (full 1):
 PSYoungGen      total 72192K, used 0K [0x00000000e0000000, 0x00000000e4f00000, 0x0000000100000000)
  eden space 64512K, 0% used [0x00000000e0000000,0x00000000e0000000,0x00000000e3f00000)
  from space 7680K, 0% used [0x00000000e3f00000,0x00000000e3f00000,0x00000000e4680000)
  to   space 6656K, 0% used [0x00000000e4680000,0x00000000e4680000,0x00000000e4d00000)
 ParOldGen       total 35840K, used 8307K [0x00000000a0000000, 0x00000000a2300000, 0x00000000e0000000)
  object space 35840K, 23% used [0x00000000a0000000,0x00000000a081cf60,0x00000000a2300000)
 Metaspace       used 20813K, capacity 21188K, committed 21248K, reserved 1067008K
  class space    used 2909K, capacity 3037K, committed 3072K, reserved 1048576K
}
Event: 4.439 GC heap before
{Heap before GC invocations=9 (full 1):
 PSYoungGen      total 72192K, used 64512K [0x00000000e0000000, 0x00000000e4f00000, 0x0000000100000000)
  eden space 64512K, 100% used [0x00000000e0000000,0x00000000e3f00000,0x00000000e3f00000)
  from space 7680K, 0% used [0x00000000e3f00000,0x00000000e3f00000,0x00000000e4680000)
  to   space 6656K, 0% used [0x00000000e4680000,0x00000000e4680000,0x00000000e4d00000)
 ParOldGen       total 35840K, used 8307K [0x00000000a0000000, 0x00000000a2300000, 0x00000000e0000000)
  object space 35840K, 23% used [0x00000000a0000000,0x00000000a081cf60,0x00000000a2300000)
 Metaspace       used 25847K, capacity 26264K, committed 26624K, reserved 1073152K
  class space    used 3606K, capacity 3761K, committed 3840K, reserved 1048576K
Event: 4.447 GC heap after
Heap after GC invocations=9 (full 1):
 PSYoungGen      total 70144K, used 6423K [0x00000000e0000000, 0x00000000e6f80000, 0x0000000100000000)
  eden space 63488K, 0% used [0x00000000e0000000,0x00000000e0000000,0x00000000e3e00000)
  from space 6656K, 96% used [0x00000000e4680000,0x00000000e4cc5ed8,0x00000000e4d00000)
  to   space 8704K, 0% used [0x00000000e3e00000,0x00000000e3e00000,0x00000000e4680000)
 ParOldGen       total 35840K, used 8315K [0x00000000a0000000, 0x00000000a2300000, 0x00000000e0000000)
  object space 35840K, 23% used [0x00000000a0000000,0x00000000a081ef60,0x00000000a2300000)
 Metaspace       used 25847K, capacity 26264K, committed 26624K, reserved 1073152K
  class space    used 3606K, capacity 3761K, committed 3840K, reserved 1048576K
}
Event: 5.754 GC heap before
{Heap before GC invocations=10 (full 1):
 PSYoungGen      total 70144K, used 69911K [0x00000000e0000000, 0x00000000e6f80000, 0x0000000100000000)
  eden space 63488K, 100% used [0x00000000e0000000,0x00000000e3e00000,0x00000000e3e00000)
  from space 6656K, 96% used [0x00000000e4680000,0x00000000e4cc5ed8,0x00000000e4d00000)
  to   space 8704K, 0% used [0x00000000e3e00000,0x00000000e3e00000,0x00000000e4680000)
 ParOldGen       total 35840K, used 8315K [0x00000000a0000000, 0x00000000a2300000, 0x00000000e0000000)
  object space 35840K, 23% used [0x00000000a0000000,0x00000000a081ef60,0x00000000a2300000)
 Metaspace       used 29992K, capacity 30588K, committed 30848K, reserved 1075200K
  class space    used 4227K, capacity 4455K, committed 4480K, reserved 1048576K
Event: 5.770 GC heap after
Heap after GC invocations=10 (full 1):
 PSYoungGen      total 72192K, used 8702K [0x00000000e0000000, 0x00000000e6400000, 0x0000000100000000)
  eden space 63488K, 0% used [0x00000000e0000000,0x00000000e0000000,0x00000000e3e00000)
  from space 8704K, 99% used [0x00000000e3e00000,0x00000000e467f820,0x00000000e4680000)
  to   space 10240K, 0% used [0x00000000e5a00000,0x00000000e5a00000,0x00000000e6400000)
 ParOldGen       total 35840K, used 9268K [0x00000000a0000000, 0x00000000a2300000, 0x00000000e0000000)
  object space 35840K, 25% used [0x00000000a0000000,0x00000000a090d140,0x00000000a2300000)
 Metaspace       used 29992K, capacity 30588K, committed 30848K, reserved 1075200K
  class space    used 4227K, capacity 4455K, committed 4480K, reserved 1048576K
}
Event: 7.990 GC heap before
{Heap before GC invocations=11 (full 1):
 PSYoungGen      total 72192K, used 62962K [0x00000000e0000000, 0x00000000e6400000, 0x0000000100000000)
  eden space 63488K, 85% used [0x00000000e0000000,0x00000000e34fd050,0x00000000e3e00000)
  from space 8704K, 99% used [0x00000000e3e00000,0x00000000e467f820,0x00000000e4680000)
  to   space 10240K, 0% used [0x00000000e5a00000,0x00000000e5a00000,0x00000000e6400000)
 ParOldGen       total 35840K, used 9268K [0x00000000a0000000, 0x00000000a2300000, 0x00000000e0000000)
  object space 35840K, 25% used [0x00000000a0000000,0x00000000a090d140,0x00000000a2300000)
 Metaspace       used 34595K, capacity 35382K, committed 35416K, reserved 1079296K
  class space    used 4789K, capacity 5095K, committed 5120K, reserved 1048576K
Event: 8.004 GC heap after
Heap after GC invocations=11 (full 1):
 PSYoungGen      total 90624K, used 10221K [0x00000000e0000000, 0x00000000e6580000, 0x0000000100000000)
  eden space 80384K, 0% used [0x00000000e0000000,0x00000000e0000000,0x00000000e4e80000)
  from space 10240K, 99% used [0x00000000e5a00000,0x00000000e63fb558,0x00000000e6400000)
  to   space 11776K, 0% used [0x00000000e4e80000,0x00000000e4e80000,0x00000000e5a00000)
 ParOldGen       total 35840K, used 9811K [0x00000000a0000000, 0x00000000a2300000, 0x00000000e0000000)
  object space 35840K, 27% used [0x00000000a0000000,0x00000000a0994c98,0x00000000a2300000)
 Metaspace       used 34595K, capacity 35382K, committed 35416K, reserved 1079296K
  class space    used 4789K, capacity 5095K, committed 5120K, reserved 1048576K
}
Event: 8.004 GC heap before
{Heap before GC invocations=12 (full 2):
 PSYoungGen      total 90624K, used 10221K [0x00000000e0000000, 0x00000000e6580000, 0x0000000100000000)
  eden space 80384K, 0% used [0x00000000e0000000,0x00000000e0000000,0x00000000e4e80000)
  from space 10240K, 99% used [0x00000000e5a00000,0x00000000e63fb558,0x00000000e6400000)
  to   space 11776K, 0% used [0x00000000e4e80000,0x00000000e4e80000,0x00000000e5a00000)
 ParOldGen       total 35840K, used 9811K [0x00000000a0000000, 0x00000000a2300000, 0x00000000e0000000)
  object space 35840K, 27% used [0x00000000a0000000,0x00000000a0994c98,0x00000000a2300000)
 Metaspace       used 34595K, capacity 35382K, committed 35416K, reserved 1079296K
  class space    used 4789K, capacity 5095K, committed 5120K, reserved 1048576K
Event: 8.090 GC heap after
Heap after GC invocations=12 (full 2):
 PSYoungGen      total 90624K, used 0K [0x00000000e0000000, 0x00000000e6580000, 0x0000000100000000)
  eden space 80384K, 0% used [0x00000000e0000000,0x00000000e0000000,0x00000000e4e80000)
  from space 10240K, 0% used [0x00000000e5a00000,0x00000000e5a00000,0x00000000e6400000)
  to   space 11776K, 0% used [0x00000000e4e80000,0x00000000e4e80000,0x00000000e5a00000)
 ParOldGen       total 58368K, used 17117K [0x00000000a0000000, 0x00000000a3900000, 0x00000000e0000000)
  object space 58368K, 29% used [0x00000000a0000000,0x00000000a10b7638,0x00000000a3900000)
 Metaspace       used 34595K, capacity 35382K, committed 35416K, reserved 1079296K
  class space    used 4789K, capacity 5095K, committed 5120K, reserved 1048576K
}

