# JRE version: OpenJDK Runtime Environment (8.0_152-b01) (build 1.8.0_152-release-915-b01)
# Java VM: OpenJDK 64-Bit Server VM (25.152-b01 mixed mode windows-amd64 compressed oops)
Heap:
 PSYoungGen      total 91136K, used 75390K [0x00000000e0000000, 0x00000000e6680000, 0x0000000100000000)
  eden space 80896K, 93% used [0x00000000e0000000,0x00000000e499fb40,0x00000000e4f00000)
  from space 10240K, 0% used [0x00000000e5a80000,0x00000000e5a80000,0x00000000e6480000)
  to   space 11776K, 0% used [0x00000000e4f00000,0x00000000e4f00000,0x00000000e5a80000)
 ParOldGen       total 57856K, used 16777K [0x00000000a0000000, 0x00000000a3880000, 0x00000000e0000000)
  object space 57856K, 28% used [0x00000000a0000000,0x00000000a10624a8,0x00000000a3880000)
 Metaspace       used 41758K, capacity 42756K, committed 42880K, reserved 1085440K
  class space    used 5602K, capacity 5928K, committed 6016K, reserved 1048576K
GC Heap History (10 events):
Event: 3.965 GC heap before
{Heap before GC invocations=8 (full 1):
 PSYoungGen      total 72192K, used 5909K [0x00000000e0000000, 0x00000000e4f00000, 0x0000000100000000)
  eden space 64512K, 0% used [0x00000000e0000000,0x00000000e0000000,0x00000000e3f00000)
  from space 7680K, 76% used [0x00000000e3f00000,0x00000000e44c57c0,0x00000000e4680000)
  to   space 6656K, 0% used [0x00000000e4680000,0x00000000e4680000,0x00000000e4d00000)
 ParOldGen       total 44032K, used 7232K [0x00000000a0000000, 0x00000000a2b00000, 0x00000000e0000000)
  object space 44032K, 16% used [0x00000000a0000000,0x00000000a0710078,0x00000000a2b00000)
 Metaspace       used 20814K, capacity 21188K, committed 21248K, reserved 1067008K
  class space    used 2910K, capacity 3037K, committed 3072K, reserved 1048576K
Event: 4.027 GC heap after
Heap after GC invocations=8 (full 1):
 PSYoungGen      total 72192K, used 0K [0x00000000e0000000, 0x00000000e4f00000, 0x0000000100000000)
  eden space 64512K, 0% used [0x00000000e0000000,0x00000000e0000000,0x00000000e3f00000)
  from space 7680K, 0% used [0x00000000e3f00000,0x00000000e3f00000,0x00000000e4680000)
  to   space 6656K, 0% used [0x00000000e4680000,0x00000000e4680000,0x00000000e4d00000)
 ParOldGen       total 35840K, used 8306K [0x00000000a0000000, 0x00000000a2300000, 0x00000000e0000000)
  object space 35840K, 23% used [0x00000000a0000000,0x00000000a081c840,0x00000000a2300000)
 Metaspace       used 20814K, capacity 21188K, committed 21248K, reserved 1067008K
  class space    used 2910K, capacity 3037K, committed 3072K, reserved 1048576K
}
Event: 5.110 GC heap before
{Heap before GC invocations=9 (full 1):
 PSYoungGen      total 72192K, used 64512K [0x00000000e0000000, 0x00000000e4f00000, 0x0000000100000000)
  eden space 64512K, 100% used [0x00000000e0000000,0x00000000e3f00000,0x00000000e3f00000)
  from space 7680K, 0% used [0x00000000e3f00000,0x00000000e3f00000,0x00000000e4680000)
  to   space 6656K, 0% used [0x00000000e4680000,0x00000000e4680000,0x00000000e4d00000)
 ParOldGen       total 35840K, used 8306K [0x00000000a0000000, 0x00000000a2300000, 0x00000000e0000000)
  object space 35840K, 23% used [0x00000000a0000000,0x00000000a081c840,0x00000000a2300000)
 Metaspace       used 25848K, capacity 26264K, committed 26624K, reserved 1073152K
  class space    used 3606K, capacity 3761K, committed 3840K, reserved 1048576K
Event: 5.119 GC heap after
Heap after GC invocations=9 (full 1):
 PSYoungGen      total 70144K, used 6378K [0x00000000e0000000, 0x00000000e7080000, 0x0000000100000000)
  eden space 63488K, 0% used [0x00000000e0000000,0x00000000e0000000,0x00000000e3e00000)
  from space 6656K, 95% used [0x00000000e4680000,0x00000000e4cba928,0x00000000e4d00000)
  to   space 8704K, 0% used [0x00000000e3e00000,0x00000000e3e00000,0x00000000e4680000)
 ParOldGen       total 35840K, used 8314K [0x00000000a0000000, 0x00000000a2300000, 0x00000000e0000000)
  object space 35840K, 23% used [0x00000000a0000000,0x00000000a081e840,0x00000000a2300000)
 Metaspace       used 25848K, capacity 26264K, committed 26624K, reserved 1073152K
  class space    used 3606K, capacity 3761K, committed 3840K, reserved 1048576K
}
Event: 6.641 GC heap before
{Heap before GC invocations=10 (full 1):
 PSYoungGen      total 70144K, used 69866K [0x00000000e0000000, 0x00000000e7080000, 0x0000000100000000)
  eden space 63488K, 100% used [0x00000000e0000000,0x00000000e3e00000,0x00000000e3e00000)
  from space 6656K, 95% used [0x00000000e4680000,0x00000000e4cba928,0x00000000e4d00000)
  to   space 8704K, 0% used [0x00000000e3e00000,0x00000000e3e00000,0x00000000e4680000)
 ParOldGen       total 35840K, used 8314K [0x00000000a0000000, 0x00000000a2300000, 0x00000000e0000000)
  object space 35840K, 23% used [0x00000000a0000000,0x00000000a081e840,0x00000000a2300000)
 Metaspace       used 30351K, capacity 30978K, committed 31232K, reserved 1075200K
  class space    used 4277K, capacity 4541K, committed 4608K, reserved 1048576K
Event: 6.656 GC heap after
Heap after GC invocations=10 (full 1):
 PSYoungGen      total 72192K, used 8696K [0x00000000e0000000, 0x00000000e6480000, 0x0000000100000000)
  eden space 63488K, 0% used [0x00000000e0000000,0x00000000e0000000,0x00000000e3e00000)
  from space 8704K, 99% used [0x00000000e3e00000,0x00000000e467e110,0x00000000e4680000)
  to   space 10240K, 0% used [0x00000000e5a80000,0x00000000e5a80000,0x00000000e6480000)
 ParOldGen       total 35840K, used 9481K [0x00000000a0000000, 0x00000000a2300000, 0x00000000e0000000)
  object space 35840K, 26% used [0x00000000a0000000,0x00000000a09424c0,0x00000000a2300000)
 Metaspace       used 30351K, capacity 30978K, committed 31232K, reserved 1075200K
  class space    used 4277K, capacity 4541K, committed 4608K, reserved 1048576K
}
Event: 8.212 GC heap before
{Heap before GC invocations=11 (full 1):
 PSYoungGen      total 72192K, used 39898K [0x00000000e0000000, 0x00000000e6480000, 0x0000000100000000)
  eden space 63488K, 49% used [0x00000000e0000000,0x00000000e1e78738,0x00000000e3e00000)
  from space 8704K, 99% used [0x00000000e3e00000,0x00000000e467e110,0x00000000e4680000)
  to   space 10240K, 0% used [0x00000000e5a80000,0x00000000e5a80000,0x00000000e6480000)
 ParOldGen       total 35840K, used 9481K [0x00000000a0000000, 0x00000000a2300000, 0x00000000e0000000)
  object space 35840K, 26% used [0x00000000a0000000,0x00000000a09424c0,0x00000000a2300000)
 Metaspace       used 34597K, capacity 35264K, committed 35416K, reserved 1079296K
  class space    used 4725K, capacity 5008K, committed 5120K, reserved 1048576K
Event: 8.226 GC heap after
Heap after GC invocations=11 (full 1):
 PSYoungGen      total 91136K, used 10229K [0x00000000e0000000, 0x00000000e6680000, 0x0000000100000000)
  eden space 80896K, 0% used [0x00000000e0000000,0x00000000e0000000,0x00000000e4f00000)
  from space 10240K, 99% used [0x00000000e5a80000,0x00000000e647d7c0,0x00000000e6480000)
  to   space 11776K, 0% used [0x00000000e4f00000,0x00000000e4f00000,0x00000000e5a80000)
 ParOldGen       total 35840K, used 9756K [0x00000000a0000000, 0x00000000a2300000, 0x00000000e0000000)
  object space 35840K, 27% used [0x00000000a0000000,0x00000000a09873b0,0x00000000a2300000)
 Metaspace       used 34597K, capacity 35264K, committed 35416K, reserved 1079296K
  class space    used 4725K, capacity 5008K, committed 5120K, reserved 1048576K
}
Event: 8.226 GC heap before
{Heap before GC invocations=12 (full 2):
 PSYoungGen      total 91136K, used 10229K [0x00000000e0000000, 0x00000000e6680000, 0x0000000100000000)
  eden space 80896K, 0% used [0x00000000e0000000,0x00000000e0000000,0x00000000e4f00000)
  from space 10240K, 99% used [0x00000000e5a80000,0x00000000e647d7c0,0x00000000e6480000)
  to   space 11776K, 0% used [0x00000000e4f00000,0x00000000e4f00000,0x00000000e5a80000)
 ParOldGen       total 35840K, used 9756K [0x00000000a0000000, 0x00000000a2300000, 0x00000000e0000000)
  object space 35840K, 27% used [0x00000000a0000000,0x00000000a09873b0,0x00000000a2300000)
 Metaspace       used 34597K, capacity 35264K, committed 35416K, reserved 1079296K
  class space    used 4725K, capacity 5008K, committed 5120K, reserved 1048576K
Event: 8.304 GC heap after
Heap after GC invocations=12 (full 2):
 PSYoungGen      total 91136K, used 0K [0x00000000e0000000, 0x00000000e6680000, 0x0000000100000000)
  eden space 80896K, 0% used [0x00000000e0000000,0x00000000e0000000,0x00000000e4f00000)
  from space 10240K, 0% used [0x00000000e5a80000,0x00000000e5a80000,0x00000000e6480000)
  to   space 11776K, 0% used [0x00000000e4f00000,0x00000000e4f00000,0x00000000e5a80000)
 ParOldGen       total 57856K, used 16777K [0x00000000a0000000, 0x00000000a3880000, 0x00000000e0000000)
  object space 57856K, 28% used [0x00000000a0000000,0x00000000a10624a8,0x00000000a3880000)
 Metaspace       used 34582K, capacity 35246K, committed 35416K, reserved 1079296K
  class space    used 4720K, capacity 5002K, committed 5120K, reserved 1048576K
}

